Loaded 5 jobs.


Current time: 0	 Current job -1
Timing diagram: 
Process queue: 

New job 0 at time 0.
Current time: 0	 Current job 0
Timing diagram: 
Process queue: 0 

New job 1 at time 1.
Current time: 1	 Current job 0
Timing diagram: 0
Process queue: 0 1 

New job 2 at time 2.
Current time: 2	 Current job 0
Timing diagram: 00
Process queue: 0 2 1 

Job 0 finished at time 3.
Current time: 3	 Current job 2
Timing diagram: 000
Process queue: 2 1 

New job 3 at time 3.
Current time: 3	 Current job 3
Timing diagram: 000
Process queue: 3 2 1 

New job 4 at time 4.
Current time: 4	 Current job 3
Timing diagram: 0003
Process queue: 3 4 2 1 

Job 3 finished at time 5.
Current time: 5	 Current job 4
Timing diagram: 00033
Process queue: 4 2 1 

Job 4 finished at time 9.
Current time: 9	 Current job 2
Timing diagram: 000334444
Process queue: 2 1 

Job 2 finished at time 14.
Current time: 14	 Current job 1
Timing diagram: 00033444422222
Process queue: 1 

Job 1 finished at time 24.


Final timing diagram:
	000334444222221111111111
Average Response Time: 4.20
Average Waiting Time: 4.20
Average Turnaround Time: 9.00
