Loaded 5 jobs.


Current time: 0	 Current job -1
Timing diagram: 
Process queue: 

New job 0 at time 0.
Current time: 0	 Current job 0
Timing diagram: 
Process queue: 0 

New job 1 at time 1.
Current time: 1	 Current job 0
Timing diagram: 0
Process queue: 0 1 

New job 2 at time 2.
Current time: 2	 Current job 0
Timing diagram: 00
Process queue: 0 2 1 

Job 0 finished at time 3.
Current time: 3	 Current job 2
Timing diagram: 000
Process queue: 2 1 

New job 3 at time 3.
Current time: 3	 Current job 2
Timing diagram: 000
Process queue: 2 1 3 

New job 4 at time 4.
Current time: 4	 Current job 2
Timing diagram: 0002
Process queue: 2 1 3 4 

Job 2 finished at time 8.
Current time: 8	 Current job 1
Timing diagram: 00022222
Process queue: 1 3 4 

Job 1 finished at time 18.
Current time: 18	 Current job 3
Timing diagram: 000222221111111111
Process queue: 3 4 

Job 3 finished at time 20.
Current time: 20	 Current job 4
Timing diagram: 00022222111111111133
Process queue: 4 

Job 4 finished at time 24.


Final timing diagram:
	000222221111111111334444
Average Response Time: 7.80
Average Waiting Time: 7.80
Average Turnaround Time: 12.60
